<?xml version="1.0" encoding="UTF-8"?>
<coverage generated="1571095317866" clover="3.2.0">
  <project timestamp="1571095317866" name="All files">
    <metrics statements="38" coveredstatements="38" conditionals="15" coveredconditionals="10" methods="8" coveredmethods="8" elements="61" coveredelements="56" complexity="0" loc="38" ncloc="38" packages="1" files="1" classes="1"/>
    <file name="LanguageProvider.js" path="C:\Users\CAILLEUX\Documents\npm\react-native-translation\src\LanguageProvider.js">
      <metrics statements="38" coveredstatements="38" conditionals="15" coveredconditionals="10" methods="8" coveredmethods="8"/>
      <line num="5" count="2" type="stmt"/>
      <line num="6" count="2" type="stmt"/>
      <line num="8" count="2" type="stmt"/>
      <line num="13" count="2" type="stmt"/>
      <line num="15" count="9" type="cond" truecount="1" falsecount="1"/>
      <line num="16" count="9" type="cond" truecount="2" falsecount="0"/>
      <line num="17" count="3" type="stmt"/>
      <line num="18" count="3" type="cond" truecount="2" falsecount="0"/>
      <line num="20" count="8" type="stmt"/>
      <line num="21" count="8" type="stmt"/>
      <line num="22" count="2" type="stmt"/>
      <line num="24" count="8" type="stmt"/>
      <line num="31" count="2" type="stmt"/>
      <line num="33" count="10" type="stmt"/>
      <line num="34" count="10" type="cond" truecount="1" falsecount="1"/>
      <line num="36" count="10" type="stmt"/>
      <line num="38" count="10" type="stmt"/>
      <line num="49" count="2" type="stmt"/>
      <line num="51" count="6" type="cond" truecount="1" falsecount="1"/>
      <line num="52" count="6" type="stmt"/>
      <line num="55" count="7" type="stmt"/>
      <line num="56" count="7" type="stmt"/>
      <line num="66" count="2" type="stmt"/>
      <line num="68" count="1" type="cond" truecount="1" falsecount="1"/>
      <line num="69" count="1" type="stmt"/>
      <line num="72" count="1" type="stmt"/>
      <line num="73" count="1" type="stmt"/>
      <line num="82" count="2" type="cond" truecount="1" falsecount="0"/>
      <line num="84" count="1" type="stmt"/>
      <line num="85" count="1" type="cond" truecount="1" falsecount="1"/>
      <line num="86" count="1" type="stmt"/>
      <line num="87" count="1" type="stmt"/>
      <line num="90" count="2" type="stmt"/>
      <line num="94" count="2" type="stmt"/>
      <line num="99" count="2" type="stmt"/>
      <line num="103" count="2" type="stmt"/>
      <line num="109" count="2" type="stmt"/>
      <line num="113" count="2" type="stmt"/>
    </file>
  </project>
</coverage>
