{"C:\\Users\\CAILLEUX\\Documents\\npm\\react-native-translation\\src\\LanguageProvider.js": {"path":"C:\\Users\\CAILLEUX\\Documents\\npm\\react-native-translation\\src\\LanguageProvider.js","statementMap":{"0":{"start":{"line":5,"column":27},"end":{"line":5,"column":48}},"1":{"start":{"line":6,"column":28},"end":{"line":6,"column":55}},"2":{"start":{"line":8,"column":22},"end":{"line":8,"column":24}},"3":{"start":{"line":13,"column":18},"end":{"line":25,"column":1}},"4":{"start":{"line":15,"column":2},"end":{"line":15,"column":45}},"5":{"start":{"line":15,"column":31},"end":{"line":15,"column":45}},"6":{"start":{"line":16,"column":2},"end":{"line":19,"column":3}},"7":{"start":{"line":17,"column":4},"end":{"line":17,"column":31}},"8":{"start":{"line":18,"column":4},"end":{"line":18,"column":56}},"9":{"start":{"line":18,"column":42},"end":{"line":18,"column":56}},"10":{"start":{"line":20,"column":13},"end":{"line":20,"column":33}},"11":{"start":{"line":21,"column":2},"end":{"line":23,"column":5}},"12":{"start":{"line":22,"column":4},"end":{"line":22,"column":47}},"13":{"start":{"line":24,"column":2},"end":{"line":24,"column":14}},"14":{"start":{"line":31,"column":25},"end":{"line":43,"column":1}},"15":{"start":{"line":33,"column":4},"end":{"line":33,"column":44}},"16":{"start":{"line":34,"column":17},"end":{"line":34,"column":80}},"17":{"start":{"line":36,"column":39},"end":{"line":36,"column":55}},"18":{"start":{"line":38,"column":4},"end":{"line":42,"column":6}},"19":{"start":{"line":49,"column":18},"end":{"line":60,"column":1}},"20":{"start":{"line":51,"column":15},"end":{"line":51,"column":60}},"21":{"start":{"line":52,"column":2},"end":{"line":59,"column":3}},"22":{"start":{"line":55,"column":19},"end":{"line":55,"column":64}},"23":{"start":{"line":56,"column":8},"end":{"line":56,"column":47}},"24":{"start":{"line":66,"column":26},"end":{"line":77,"column":1}},"25":{"start":{"line":68,"column":15},"end":{"line":68,"column":60}},"26":{"start":{"line":69,"column":2},"end":{"line":76,"column":3}},"27":{"start":{"line":72,"column":19},"end":{"line":72,"column":64}},"28":{"start":{"line":73,"column":8},"end":{"line":73,"column":65}},"29":{"start":{"line":82,"column":23},"end":{"line":88,"column":1}},"30":{"start":{"line":84,"column":21},"end":{"line":84,"column":53}},"31":{"start":{"line":85,"column":17},"end":{"line":85,"column":76}},"32":{"start":{"line":86,"column":13},"end":{"line":86,"column":51}},"33":{"start":{"line":87,"column":2},"end":{"line":87,"column":14}},"34":{"start":{"line":90,"column":0},"end":{"line":93,"column":1}},"35":{"start":{"line":94,"column":0},"end":{"line":97,"column":1}},"36":{"start":{"line":99,"column":0},"end":{"line":102,"column":1}},"37":{"start":{"line":103,"column":0},"end":{"line":106,"column":1}},"38":{"start":{"line":109,"column":0},"end":{"line":112,"column":1}},"39":{"start":{"line":113,"column":0},"end":{"line":116,"column":1}}},"fnMap":{"0":{"name":"(anonymous_0)","decl":{"start":{"line":13,"column":18},"end":{"line":13,"column":19}},"loc":{"start":{"line":13,"column":51},"end":{"line":25,"column":1}},"line":13},"1":{"name":"(anonymous_1)","decl":{"start":{"line":21,"column":30},"end":{"line":21,"column":31}},"loc":{"start":{"line":21,"column":37},"end":{"line":23,"column":3}},"line":21},"2":{"name":"(anonymous_2)","decl":{"start":{"line":31,"column":25},"end":{"line":31,"column":26}},"loc":{"start":{"line":31,"column":34},"end":{"line":43,"column":1}},"line":31},"3":{"name":"(anonymous_3)","decl":{"start":{"line":49,"column":18},"end":{"line":49,"column":19}},"loc":{"start":{"line":49,"column":27},"end":{"line":60,"column":1}},"line":49},"4":{"name":"(anonymous_4)","decl":{"start":{"line":54,"column":7},"end":{"line":54,"column":8}},"loc":{"start":{"line":54,"column":42},"end":{"line":57,"column":7}},"line":54},"5":{"name":"(anonymous_5)","decl":{"start":{"line":66,"column":26},"end":{"line":66,"column":27}},"loc":{"start":{"line":66,"column":35},"end":{"line":77,"column":1}},"line":66},"6":{"name":"(anonymous_6)","decl":{"start":{"line":71,"column":7},"end":{"line":71,"column":8}},"loc":{"start":{"line":71,"column":25},"end":{"line":74,"column":7}},"line":71},"7":{"name":"(anonymous_7)","decl":{"start":{"line":82,"column":23},"end":{"line":82,"column":24}},"loc":{"start":{"line":82,"column":52},"end":{"line":88,"column":1}},"line":82}},"branchMap":{"0":{"loc":{"start":{"line":15,"column":2},"end":{"line":15,"column":45}},"type":"if","locations":[{"start":{"line":15,"column":2},"end":{"line":15,"column":45}},{"start":{"line":15,"column":2},"end":{"line":15,"column":45}}],"line":15},"1":{"loc":{"start":{"line":16,"column":2},"end":{"line":19,"column":3}},"type":"if","locations":[{"start":{"line":16,"column":2},"end":{"line":19,"column":3}},{"start":{"line":16,"column":2},"end":{"line":19,"column":3}}],"line":16},"2":{"loc":{"start":{"line":18,"column":4},"end":{"line":18,"column":56}},"type":"if","locations":[{"start":{"line":18,"column":4},"end":{"line":18,"column":56}},{"start":{"line":18,"column":4},"end":{"line":18,"column":56}}],"line":18},"3":{"loc":{"start":{"line":34,"column":17},"end":{"line":34,"column":80}},"type":"cond-expr","locations":[{"start":{"line":34,"column":48},"end":{"line":34,"column":62}},{"start":{"line":34,"column":65},"end":{"line":34,"column":80}}],"line":34},"4":{"loc":{"start":{"line":51,"column":15},"end":{"line":51,"column":60}},"type":"cond-expr","locations":[{"start":{"line":51,"column":43},"end":{"line":51,"column":55}},{"start":{"line":51,"column":58},"end":{"line":51,"column":60}}],"line":51},"5":{"loc":{"start":{"line":68,"column":15},"end":{"line":68,"column":60}},"type":"cond-expr","locations":[{"start":{"line":68,"column":43},"end":{"line":68,"column":55}},{"start":{"line":68,"column":58},"end":{"line":68,"column":60}}],"line":68},"6":{"loc":{"start":{"line":82,"column":36},"end":{"line":82,"column":47}},"type":"default-arg","locations":[{"start":{"line":82,"column":45},"end":{"line":82,"column":47}}],"line":82},"7":{"loc":{"start":{"line":85,"column":17},"end":{"line":85,"column":76}},"type":"cond-expr","locations":[{"start":{"line":85,"column":45},"end":{"line":85,"column":66}},{"start":{"line":85,"column":69},"end":{"line":85,"column":76}}],"line":85}},"s":{"0":2,"1":2,"2":2,"3":2,"4":9,"5":0,"6":9,"7":3,"8":3,"9":1,"10":8,"11":8,"12":2,"13":8,"14":2,"15":10,"16":10,"17":10,"18":10,"19":2,"20":6,"21":6,"22":7,"23":7,"24":2,"25":1,"26":1,"27":1,"28":1,"29":2,"30":1,"31":1,"32":1,"33":1,"34":2,"35":2,"36":2,"37":2,"38":2,"39":2},"f":{"0":9,"1":2,"2":10,"3":6,"4":7,"5":1,"6":1,"7":1},"b":{"0":[0,9],"1":[3,6],"2":[1,2],"3":[10,0],"4":[6,0],"5":[1,0],"6":[1],"7":[1,0]},"_coverageSchema":"43e27e138ebf9cfc5966b082cf9a028302ed4184","hash":"620886806c899495d518bf110c5da744695d8a3f"}
}
