TN:
SF:C:\Users\CAILLEUX\Documents\npm\react-native-translation\src\LanguageProvider.js
FN:13,(anonymous_0)
FN:21,(anonymous_1)
FN:31,(anonymous_2)
FN:49,(anonymous_3)
FN:54,(anonymous_4)
FN:66,(anonymous_5)
FN:71,(anonymous_6)
FN:82,(anonymous_7)
FNF:8
FNH:8
FNDA:9,(anonymous_0)
FNDA:2,(anonymous_1)
FNDA:10,(anonymous_2)
FNDA:6,(anonymous_3)
FNDA:7,(anonymous_4)
FNDA:1,(anonymous_5)
FNDA:1,(anonymous_6)
FNDA:1,(anonymous_7)
DA:5,2
DA:6,2
DA:8,2
DA:13,2
DA:15,9
DA:16,9
DA:17,3
DA:18,3
DA:20,8
DA:21,8
DA:22,2
DA:24,8
DA:31,2
DA:33,10
DA:34,10
DA:36,10
DA:38,10
DA:49,2
DA:51,6
DA:52,6
DA:55,7
DA:56,7
DA:66,2
DA:68,1
DA:69,1
DA:72,1
DA:73,1
DA:82,2
DA:84,1
DA:85,1
DA:86,1
DA:87,1
DA:90,2
DA:94,2
DA:99,2
DA:103,2
DA:109,2
DA:113,2
LF:38
LH:38
BRDA:15,0,0,0
BRDA:15,0,1,9
BRDA:16,1,0,3
BRDA:16,1,1,6
BRDA:18,2,0,1
BRDA:18,2,1,2
BRDA:34,3,0,10
BRDA:34,3,1,0
BRDA:51,4,0,6
BRDA:51,4,1,0
BRDA:68,5,0,1
BRDA:68,5,1,0
BRDA:82,6,0,1
BRDA:85,7,0,1
BRDA:85,7,1,0
BRF:15
BRH:10
end_of_record
